\BOOKMARK [0][-]{chapter.1}{\376\377\000I\000n\000t\000r\000o\000d\000u\000c\000t\000i\000o\000n\000\040\000t\000o\000\040\000S\000R\000X}{}% 1
\BOOKMARK [0][-]{chapter.2}{\376\377\000U\000s\000e\000f\000u\000l\000\040\000C\000o\000m\000m\000a\000n\000d\000s}{}% 2
\BOOKMARK [1][-]{section.2.1}{\376\377\000S\000t\000a\000r\000t\000i\000n\000g\000\040\000B\000l\000u\000e\000s\000k\000y}{chapter.2}% 3
\BOOKMARK [1][-]{section.2.2}{\376\377\000G\000e\000n\000e\000r\000a\000l\000\040\000F\000u\000n\000c\000t\000i\000o\000n\000s}{chapter.2}% 4
\BOOKMARK [1][-]{section.2.3}{\376\377\000X\000R\000F\000\040\000I\000m\000a\000g\000i\000n\000g}{chapter.2}% 5
\BOOKMARK [1][-]{section.2.4}{\376\377\000X\000A\000S\000\040\000S\000p\000e\000c\000t\000r\000o\000s\000c\000o\000p\000y}{chapter.2}% 6
\BOOKMARK [1][-]{section.2.5}{\376\377\000T\000r\000o\000u\000b\000l\000e\000s\000h\000o\000o\000t\000i\000n\000g}{chapter.2}% 7
\BOOKMARK [0][-]{chapter.3}{\376\377\000B\000e\000a\000m\000l\000i\000n\000e\000\040\000S\000t\000a\000f\000f\000\040\000P\000a\000g\000e\000s\000\040\000[\000s\000t\000a\000f\000f\000\040\000o\000n\000l\000y\000]}{}% 8
\BOOKMARK [1][-]{section.3.1}{\376\377\000Q\000u\000i\000c\000k\000\040\000L\000i\000n\000k\000s}{chapter.3}% 9
\BOOKMARK [1][-]{section.3.2}{\376\377\000S\000e\000t\000t\000i\000n\000g\000\040\000u\000p\000\040\000U\000s\000e\000r\000s}{chapter.3}% 10
\BOOKMARK [1][-]{section.3.3}{\376\377\000B\000e\000a\000m\000l\000i\000n\000e\000\040\000S\000e\000t\000u\000p}{chapter.3}% 11
\BOOKMARK [2][-]{subsection.3.3.1}{\376\377\000P\000r\000e\000p\000a\000r\000i\000n\000g\000\040\000f\000o\000r\000\040\000a\000\040\000n\000e\000w\000\040\000c\000y\000c\000l\000e}{section.3.3}% 12
\BOOKMARK [2][-]{subsection.3.3.2}{\376\377\000A\000l\000i\000g\000n\000i\000n\000g\000\040\000t\000h\000e\000\040\000B\000e\000a\000m\000l\000i\000n\000e}{section.3.3}% 13
\BOOKMARK [2][-]{subsection.3.3.3}{\376\377\000F\000o\000c\000u\000s\000i\000n\000g\000\040\000t\000h\000e\000\040\000K\000-\000B\000\040\000M\000i\000r\000r\000o\000r\000s}{section.3.3}% 14
\BOOKMARK [2][-]{subsection.3.3.4}{\376\377\000C\000a\000l\000i\000b\000r\000a\000t\000i\000n\000g\000\040\000t\000h\000e\000\040\000m\000o\000n\000o\000c\000h\000r\000o\000m\000a\000t\000o\000r}{section.3.3}% 15
\BOOKMARK [1][-]{section.3.4}{\376\377\000B\000e\000a\000m\000l\000i\000n\000e\000\040\000M\000a\000i\000n\000t\000e\000n\000a\000n\000c\000e}{chapter.3}% 16
\BOOKMARK [2][-]{subsection.3.4.1}{\376\377\000C\000r\000y\000o\000c\000o\000o\000l\000e\000r}{section.3.4}% 17
\BOOKMARK [3][-]{subsubsection*.3}{\376\377\000W\000a\000r\000m\000i\000n\000g\000\040\000t\000h\000e\000\040\000c\000r\000y\000o\000c\000o\000o\000l\000e\000r}{subsection.3.4.1}% 18
\BOOKMARK [3][-]{subsubsection*.4}{\376\377\000C\000o\000o\000l\000i\000n\000g\000\040\000t\000h\000e\000\040\000c\000r\000y\000o\000c\000o\000o\000l\000e\000r}{subsection.3.4.1}% 19
\BOOKMARK [1][-]{section.3.5}{\376\377\000C\000o\000n\000t\000r\000o\000l\000s}{chapter.3}% 20
\BOOKMARK [2][-]{subsection.3.5.1}{\376\377\000I\000O\000C\000\040\000M\000o\000n\000i\000t\000o\000r\000i\000n\000g}{section.3.5}% 21
\BOOKMARK [2][-]{subsection.3.5.2}{\376\377\000M\000o\000t\000i\000o\000n\000\040\000C\000o\000n\000t\000r\000o\000l\000s}{section.3.5}% 22
\BOOKMARK [2][-]{subsection.3.5.3}{\376\377\000E\000P\000S}{section.3.5}% 23
\BOOKMARK [0][-]{chapter.4}{\376\377\000I\000n\000d\000i\000c\000e\000s\000\040\000a\000n\000d\000\040\000t\000a\000b\000l\000e\000s}{}% 24
