This is pdfTeX, Version 3.141592653-2.6-1.40.22 (MiKTeX 21.3) (preloaded format=pdflatex 2021.5.20)  16 JUN 2021 12:21
entering extended mode
**./NSLS-IISRX.tex
(NSLS-IISRX.tex
LaTeX2e <2020-02-02> patch level 5
L3 programming layer <2020-09-03> (sphinxmanual.cls
Document Class: sphinxmanual 2019/12/01 v2.3.0 Document class (Sphinx manual)
(/home/akiss/.miktex/texmfs/install/tex/latex/base/report.cls
Document Class: report 2019/12/20 v1.4l Standard LaTeX document class
(/home/akiss/.miktex/texmfs/install/tex/latex/base/size10.clo
File: size10.clo 2019/12/20 v1.4l Standard LaTeX file (size option)
)
\c@part=\count168
\c@chapter=\count169
\c@section=\count170
\c@subsection=\count171
\c@subsubsection=\count172
\c@paragraph=\count173
\c@subparagraph=\count174
\c@figure=\count175
\c@table=\count176
\abovecaptionskip=\skip47
\belowcaptionskip=\skip48
\bibindent=\dimen134
)
LaTeX Info: Redefining \and on input line 35.
)
(/home/akiss/.miktex/texmfs/install/tex/latex/base/inputenc.sty
Package: inputenc 2018/08/11 v1.3c Input encoding file
\inpenc@prehook=\toks15
\inpenc@posthook=\toks16
)
   defining Unicode char U+00A0 (decimal 160)
   defining Unicode char U+2500 (decimal 9472)
   defining Unicode char U+2502 (decimal 9474)
   defining Unicode char U+2514 (decimal 9492)
   defining Unicode char U+251C (decimal 9500)
   defining Unicode char U+2572 (decimal 9586)

(/home/akiss/.miktex/texmfs/install/tex/latex/cmap/cmap.sty
Package: cmap 2021/02/06 v1.0j CMap support: searchable PDF
)
(/home/akiss/.miktex/texmfs/install/tex/latex/base/fontenc.sty
Package: fontenc 2020/02/11 v2.0o Standard LaTeX package
<<t1.cmap>>)
(/home/akiss/.miktex/texmfs/install/tex/latex/amsmath/amsmath.sty
Package: amsmath 2020/01/20 v2.17e AMS math features
\@mathmargin=\skip49

For additional information on amsmath, use the `?' option.
(/home/akiss/.miktex/texmfs/install/tex/latex/amsmath/amstext.sty
Package: amstext 2000/06/29 v2.01 AMS text

(/home/akiss/.miktex/texmfs/install/tex/latex/amsmath/amsgen.sty
File: amsgen.sty 1999/11/30 v2.0 generic functions
\@emptytoks=\toks17
\ex@=\dimen135
))
(/home/akiss/.miktex/texmfs/install/tex/latex/amsmath/amsbsy.sty
Package: amsbsy 1999/11/29 v1.2d Bold Symbols
\pmbraise@=\dimen136
)
(/home/akiss/.miktex/texmfs/install/tex/latex/amsmath/amsopn.sty
Package: amsopn 2016/03/08 v2.02 operator names
)
\inf@bad=\count177
LaTeX Info: Redefining \frac on input line 227.
\uproot@=\count178
\leftroot@=\count179
LaTeX Info: Redefining \overline on input line 389.
\classnum@=\count180
\DOTSCASE@=\count181
LaTeX Info: Redefining \ldots on input line 486.
LaTeX Info: Redefining \dots on input line 489.
LaTeX Info: Redefining \cdots on input line 610.
\Mathstrutbox@=\box45
\strutbox@=\box46
\big@size=\dimen137
LaTeX Font Info:    Redeclaring font encoding OML on input line 733.
LaTeX Font Info:    Redeclaring font encoding OMS on input line 734.
\macc@depth=\count182
\c@MaxMatrixCols=\count183
\dotsspace@=\muskip16
\c@parentequation=\count184
\dspbrk@lvl=\count185
\tag@help=\toks18
\row@=\count186
\column@=\count187
\maxfields@=\count188
\andhelp@=\toks19
\eqnshift@=\dimen138
\alignsep@=\dimen139
\tagshift@=\dimen140
\tagwidth@=\dimen141
\totwidth@=\dimen142
\lineht@=\dimen143
\@envbody=\toks20
\multlinegap=\skip50
\multlinetaggap=\skip51
\mathdisplay@stack=\toks21
LaTeX Info: Redefining \[ on input line 2859.
LaTeX Info: Redefining \] on input line 2860.
)
(/home/akiss/.miktex/texmfs/install/tex/latex/amsfonts/amssymb.sty
Package: amssymb 2013/01/14 v3.01 AMS font symbols

(/home/akiss/.miktex/texmfs/install/tex/latex/amsfonts/amsfonts.sty
Package: amsfonts 2013/01/14 v3.01 Basic AMSFonts support
\symAMSa=\mathgroup4
\symAMSb=\mathgroup5
LaTeX Font Info:    Redeclaring math symbol \hbar on input line 98.
LaTeX Font Info:    Overwriting math alphabet `\mathfrak' in version `bold'
(Font)                  U/euf/m/n --> U/euf/b/n on input line 106.
))
(/home/akiss/.miktex/texmfs/install/tex/generic/babel/babel.sty
Package: babel 2020/09/01 3.48 The Babel package

(/home/akiss/.miktex/texmfs/install/tex/generic/babel/babel.def
File: babel.def 2020/09/01 3.48 Babel common definitions
\babel@savecnt=\count189
\U@D=\dimen144
\l@babelnohyphens=\language1

(/home/akiss/.miktex/texmfs/install/tex/generic/babel/txtbabel.def)
\bbl@readstream=\read2
)
\bbl@dirlevel=\count190

*************************************
* Local config file bblopts.cfg used
*
(/home/akiss/.miktex/texmfs/install/tex/latex/arabi/bblopts.cfg
File: bblopts.cfg 2005/09/08 v0.1 add Arabic and Farsi to "declared" options of
 babel
)
(/home/akiss/.miktex/texmfs/install/tex/latex/babel-english/english.ldf
Language: english 2017/06/06 v3.3r English support from the babel system
))
(/home/akiss/.miktex/texmfs/install/tex/latex/tex-gyre/tgtermes.sty
Package: tgtermes 2009/09/27 v1.2 TeX Gyre Termes as default roman family

(/home/akiss/.miktex/texmfs/install/tex/latex/kvoptions/kvoptions.sty
Package: kvoptions 2019/11/29 v3.13 Key value format for package options (HO)

(/home/akiss/.miktex/texmfs/install/tex/latex/graphics/keyval.sty
Package: keyval 2014/10/28 v1.15 key=value parser (DPC)
\KV@toks@=\toks22
)
(/home/akiss/.miktex/texmfs/install/tex/generic/ltxcmds/ltxcmds.sty
Package: ltxcmds 2019/12/15 v1.24 LaTeX kernel commands for general use (HO)
)
(/home/akiss/.miktex/texmfs/install/tex/generic/kvsetkeys/kvsetkeys.sty
Package: kvsetkeys 2019/12/15 v1.18 Key value parser (HO)
)))
(/home/akiss/.miktex/texmfs/install/tex/latex/tex-gyre/tgheros.sty
Package: tgheros 2009/09/27 v1.2 TeX Gyre Heros as default sans serif family
)
(/home/akiss/.miktex/texmfs/install/tex/latex/fncychap/fncychap.sty
Package: fncychap 2007/07/30 v1.34 LaTeX package (Revised chapters)
\RW=\skip52
\mylen=\skip53
\myhi=\skip54
\px=\skip55
\py=\skip56
\pyy=\skip57
\pxx=\skip58
\c@AlphaCnt=\count191
\c@AlphaDecCnt=\count192
)
(sphinx.sty
Package: sphinx 2021/01/27 v4.0.0 LaTeX package (Sphinx markup)
 (/home/akiss/.miktex/texmfs/install/tex/latex/xcolor/xcolor.sty
Package: xcolor 2016/05/11 v2.12 LaTeX color extensions (UK)

(/home/akiss/.miktex/texmfs/install/tex/latex/graphics-cfg/color.cfg
File: color.cfg 2016/01/02 v1.6 sample color configuration
)
Package xcolor Info: Driver file: pdftex.def on input line 225.

(/home/akiss/.miktex/texmfs/install/tex/latex/graphics-def/pdftex.def
File: pdftex.def 2020/08/26 v1.2 Graphics/color driver for pdftex
)
Package xcolor Info: Model `cmy' substituted by `cmy0' on input line 1348.
Package xcolor Info: Model `hsb' substituted by `rgb' on input line 1352.
Package xcolor Info: Model `RGB' extended on input line 1364.
Package xcolor Info: Model `HTML' substituted by `rgb' on input line 1366.
Package xcolor Info: Model `Hsb' substituted by `hsb' on input line 1367.
Package xcolor Info: Model `tHsb' substituted by `hsb' on input line 1368.
Package xcolor Info: Model `HSB' substituted by `hsb' on input line 1369.
Package xcolor Info: Model `Gray' substituted by `gray' on input line 1370.
Package xcolor Info: Model `wave' substituted by `hsb' on input line 1371.
)
\sphinxverbatimsep=\dimen145
\sphinxverbatimborder=\dimen146
\sphinxshadowsep=\dimen147
\sphinxshadowsize=\dimen148
\sphinxshadowrule=\dimen149
\spx@notice@border=\dimen150

(sphinxoptionshyperref.sty
File: sphinxoptionshyperref.sty 2021/01/27 hyperref
) (sphinxoptionsgeometry.sty
File: sphinxoptionsgeometry.sty 2021/01/27 geometry
)
(/home/akiss/.miktex/texmfs/install/tex/latex/base/textcomp.sty
Package: textcomp 2020/02/02 v2.0n Standard LaTeX package
)
(/home/akiss/.miktex/texmfs/install/tex/latex/float/float.sty
Package: float 2001/11/08 v1.3d Float enhancements (AL)
\c@float@type=\count193
\float@exts=\toks23
\float@box=\box47
\@float@everytoks=\toks24
\@floatcapt=\box48
)
(/home/akiss/.miktex/texmfs/install/tex/latex/wrapfig/wrapfig.sty
\wrapoverhang=\dimen151
\WF@size=\dimen152
\c@WF@wrappedlines=\count194
\WF@box=\box49
\WF@everypar=\toks25
Package: wrapfig 2003/01/31  v 3.6
)
(/home/akiss/.miktex/texmfs/install/tex/latex/capt-of/capt-of.sty
Package: capt-of 2009/12/29 v0.2 standard captions outside of floats
)
(/home/akiss/.miktex/texmfs/install/tex/latex/tools/multicol.sty
Package: multicol 2019/12/09 v1.8y multicolumn formatting (FMi)
\c@tracingmulticols=\count195
\mult@box=\box50
\multicol@leftmargin=\dimen153
\c@unbalance=\count196
\c@collectmore=\count197
\doublecol@number=\count198
\multicoltolerance=\count199
\multicolpretolerance=\count266
\full@width=\dimen154
\page@free=\dimen155
\premulticols=\dimen156
\postmulticols=\dimen157
\multicolsep=\skip59
\multicolbaselineskip=\skip60
\partial@page=\box51
\last@line=\box52
\maxbalancingoverflow=\dimen158
\mult@rightbox=\box53
\mult@grightbox=\box54
\mult@gfirstbox=\box55
\mult@firstbox=\box56
\@tempa=\box57
\@tempa=\box58
\@tempa=\box59
\@tempa=\box60
\@tempa=\box61
\@tempa=\box62
\@tempa=\box63
\@tempa=\box64
\@tempa=\box65
\@tempa=\box66
\@tempa=\box67
\@tempa=\box68
\@tempa=\box69
\@tempa=\box70
\@tempa=\box71
\@tempa=\box72
\@tempa=\box73
\@tempa=\box74
\@tempa=\box75
\@tempa=\box76
\@tempa=\box77
\@tempa=\box78
\@tempa=\box79
\@tempa=\box80
\@tempa=\box81
\@tempa=\box82
\@tempa=\box83
\@tempa=\box84
\@tempa=\box85
\@tempa=\box86
\@tempa=\box87
\@tempa=\box88
\@tempa=\box89
\@tempa=\box90
\@tempa=\box91
\@tempa=\box92
\@tempa=\box93
\c@minrows=\count267
\c@columnbadness=\count268
\c@finalcolumnbadness=\count269
\last@try=\dimen159
\multicolovershoot=\dimen160
\multicolundershoot=\dimen161
\mult@nat@firstbox=\box94
\colbreak@box=\box95
\mc@col@check@num=\count270
)
(/home/akiss/.miktex/texmfs/install/tex/latex/graphics/graphicx.sty
Package: graphicx 2019/11/30 v1.2a Enhanced LaTeX Graphics (DPC,SPQR)

(/home/akiss/.miktex/texmfs/install/tex/latex/graphics/graphics.sty
Package: graphics 2019/11/30 v1.4a Standard LaTeX Graphics (DPC,SPQR)

(/home/akiss/.miktex/texmfs/install/tex/latex/graphics/trig.sty
Package: trig 2016/01/03 v1.10 sin cos tan (DPC)
)
(/home/akiss/.miktex/texmfs/install/tex/latex/graphics-cfg/graphics.cfg
File: graphics.cfg 2016/06/04 v1.11 sample graphics configuration
)
Package graphics Info: Driver file: pdftex.def on input line 105.
)
\Gin@req@height=\dimen162
\Gin@req@width=\dimen163
)
(sphinxlatexgraphics.sty
File: sphinxlatexgraphics.sty 2021/01/27 graphics
\spx@image@maxheight=\dimen164
\spx@image@box=\box96
) (sphinxlatexadmonitions.sty
File: sphinxlatexadmonitions.sty 2021/01/27 admonitions

(/home/akiss/.miktex/texmfs/install/tex/latex/framed/framed.sty
Package: framed 2011/10/22 v 0.96: framed or shaded text with page breaks
\OuterFrameSep=\skip61
\fb@frw=\dimen165
\fb@frh=\dimen166
\FrameRule=\dimen167
\FrameSep=\dimen168
))
(sphinxlatexliterals.sty
File: sphinxlatexliterals.sty 2021/01/27 code-blocks and parsed literals

(/home/akiss/.miktex/texmfs/install/tex/latex/fancyvrb/fancyvrb.sty
Package: fancyvrb 2020/05/03 v3.6 verbatim text (tvz,hv)
\FV@CodeLineNo=\count271
\FV@InFile=\read3
\FV@TabBox=\box97
\c@FancyVerbLine=\count272
\FV@StepNumber=\count273
\FV@OutFile=\write3
)
(/home/akiss/.miktex/texmfs/install/tex/latex/base/alltt.sty
Package: alltt 1997/06/16 v2.0g defines alltt environment
)
(/home/akiss/.miktex/texmfs/install/tex/latex/upquote/upquote.sty
Package: upquote 2012/04/19 v1.3 upright-quote and grave-accent glyphs in verba
tim
)
(/home/akiss/.miktex/texmfs/install/tex/latex/needspace/needspace.sty
Package: needspace 2010/09/12 v1.3d reserve vertical space
)
\sphinxcontinuationbox=\box98
\sphinxvisiblespacebox=\box99
\sphinxVerbatim@TitleBox=\box100
\sphinxVerbatim@ContentsBox=\box101
\spx@scratchbox=\box102
)
(sphinxlatexshadowbox.sty
File: sphinxlatexshadowbox.sty 2021/01/27 sphinxShadowBox
) (sphinxhighlight.sty
Package: sphinxhighlight 2016/05/29 stylesheet for highlighting with pygments
) (sphinxlatextables.sty
File: sphinxlatextables.sty 2021/01/27 tables

(/home/akiss/.miktex/texmfs/install/tex/latex/tabulary/tabulary.sty
Package: tabulary 2014/06/11 v0.10 tabulary package (DPC)

(/home/akiss/.miktex/texmfs/install/tex/latex/tools/array.sty
Package: array 2019/08/31 v2.4l Tabular extension package (FMi)
\col@sep=\dimen169
\ar@mcellbox=\box103
\extrarowheight=\dimen170
\NC@list=\toks26
\extratabsurround=\skip62
\backup@length=\skip63
\ar@cellbox=\box104
)
\TY@count=\count274
\TY@linewidth=\dimen171
\tymin=\dimen172
\tymax=\dimen173
\TY@tablewidth=\dimen174
)
(/home/akiss/.miktex/texmfs/install/tex/latex/tools/longtable.sty
Package: longtable 2020/01/07 v4.13 Multi-page Table package (DPC)
\LTleft=\skip64
\LTright=\skip65
\LTpre=\skip66
\LTpost=\skip67
\LTchunksize=\count275
\LTcapwidth=\dimen175
\LT@head=\box105
\LT@firsthead=\box106
\LT@foot=\box107
\LT@lastfoot=\box108
\LT@cols=\count276
\LT@rows=\count277
\c@LT@tables=\count278
\c@LT@chunks=\count279
\LT@p@ftn=\toks27
)
(/home/akiss/.miktex/texmfs/install/tex/latex/varwidth/varwidth.sty
Package: varwidth 2009/03/30 ver 0.92;  Variable-width minipages
\@vwid@box=\box109
\sift@deathcycles=\count280
\@vwid@loff=\dimen176
\@vwid@roff=\dimen177
)
\sphinx@TY@tablewidth=\dimen178
)
(sphinxlatexnumfig.sty
File: sphinxlatexnumfig.sty 2021/01/27 numbering
) (sphinxlatexlists.sty
File: sphinxlatexlists.sty 2021/01/27 lists
)
\c@sphinxscope=\count281
\c@sphinxexplicit=\count282
 (sphinxpackagefootnote.sty
Package: sphinxpackagefootnote 2021/02/04 v1.1d footnotehyper adapted to sphinx
 (Sphinx team)
\FNH@notes=\box110
\FNH@toks=\toks28
\FNH@width=\dimen179
)
(sphinxlatexindbibtoc.sty
File: sphinxlatexindbibtoc.sty 2021/01/27 index, bib., toc

(/home/akiss/.miktex/texmfs/install/tex/latex/base/makeidx.sty
Package: makeidx 2014/09/29 v1.0m Standard LaTeX package
))
(sphinxlatexstylepage.sty
File: sphinxlatexstylepage.sty 2021/01/27 page styling

(/home/akiss/.miktex/texmfs/install/tex/latex/parskip/parskip.sty
Rollback for package 'parskip' requested -> version 'v1'.
         This corresponds to the release introduced on 2001-04-09.

(/home/akiss/.miktex/texmfs/install/tex/latex/parskip/parskip-2001-04-09.sty
Package: parskip 2001/04/09 non-zero parskip adjustments
))
(/home/akiss/.miktex/texmfs/install/tex/latex/fancyhdr/fancyhdr.sty
Package: fancyhdr 2019/01/31 v3.10 Extensive control of page headers and footer
s
\f@nch@headwidth=\skip68
\f@nch@O@elh=\skip69
\f@nch@O@erh=\skip70
\f@nch@O@olh=\skip71
\f@nch@O@orh=\skip72
\f@nch@O@elf=\skip73
\f@nch@O@erf=\skip74
\f@nch@O@olf=\skip75
\f@nch@O@orf=\skip76
))
(sphinxlatexstyleheadings.sty
File: sphinxlatexstyleheadings.sty 2021/01/27 headings

(/home/akiss/.miktex/texmfs/install/tex/latex/titlesec/titlesec.sty
Package: titlesec 2019/10/16 v2.13 Sectioning titles
\ttl@box=\box111
\beforetitleunit=\skip77
\aftertitleunit=\skip78
\ttl@plus=\dimen180
\ttl@minus=\dimen181
\ttl@toksa=\toks29
\titlewidth=\dimen182
\titlewidthlast=\dimen183
\titlewidthfirst=\dimen184
))
(sphinxlatexstyletext.sty
File: sphinxlatexstyletext.sty 2021/01/27 text styling
) (sphinxlatexobjects.sty
File: sphinxlatexobjects.sty 2021/01/27 documentation environments
\py@argswidth=\skip79
\lineblockindentation=\skip80
\DUlineblockindent=\skip81
))
(/home/akiss/.miktex/texmfs/install/tex/latex/geometry/geometry.sty
Package: geometry 2020/01/02 v5.9 Page Geometry

(/home/akiss/.miktex/texmfs/install/tex/generic/iftex/ifvtex.sty
Package: ifvtex 2019/10/25 v1.7 ifvtex legacy package. Use iftex instead.

(/home/akiss/.miktex/texmfs/install/tex/generic/iftex/iftex.sty
Package: iftex 2020/03/06 v1.0d TeX engine tests
))
\Gm@cnth=\count283
\Gm@cntv=\count284
\c@Gm@tempcnt=\count285
\Gm@bindingoffset=\dimen185
\Gm@wd@mp=\dimen186
\Gm@odd@mp=\dimen187
\Gm@even@mp=\dimen188
\Gm@layoutwidth=\dimen189
\Gm@layoutheight=\dimen190
\Gm@layouthoffset=\dimen191
\Gm@layoutvoffset=\dimen192
\Gm@dimlist=\toks30

(/home/akiss/.miktex/texmfs/install/tex/latex/geometry/geometry.cfg))
(/home/akiss/.miktex/texmfs/install/tex/latex/hyperref/hyperref.sty
Package: hyperref 2020-05-15 v7.00e Hypertext links for LaTeX

(/home/akiss/.miktex/texmfs/install/tex/generic/pdftexcmds/pdftexcmds.sty
Package: pdftexcmds 2020-06-27 v0.33 Utility functions of pdfTeX for LuaTeX (HO
)

(/home/akiss/.miktex/texmfs/install/tex/generic/infwarerr/infwarerr.sty
Package: infwarerr 2019/12/03 v1.5 Providing info/warning/error messages (HO)
)
Package pdftexcmds Info: \pdf@primitive is available.
Package pdftexcmds Info: \pdf@ifprimitive is available.
Package pdftexcmds Info: \pdfdraftmode found.
)
(/home/akiss/.miktex/texmfs/install/tex/generic/kvdefinekeys/kvdefinekeys.sty
Package: kvdefinekeys 2019-12-19 v1.6 Define keys (HO)
)
(/home/akiss/.miktex/texmfs/install/tex/generic/pdfescape/pdfescape.sty
Package: pdfescape 2019/12/09 v1.15 Implements pdfTeX's escape features (HO)
)
(/home/akiss/.miktex/texmfs/install/tex/latex/hycolor/hycolor.sty
Package: hycolor 2020-01-27 v1.10 Color options for hyperref/bookmark (HO)
)
(/home/akiss/.miktex/texmfs/install/tex/latex/letltxmacro/letltxmacro.sty
Package: letltxmacro 2019/12/03 v1.6 Let assignment for LaTeX macros (HO)
)
(/home/akiss/.miktex/texmfs/install/tex/latex/auxhook/auxhook.sty
Package: auxhook 2019-12-17 v1.6 Hooks for auxiliary files (HO)
)
\@linkdim=\dimen193
\Hy@linkcounter=\count286
\Hy@pagecounter=\count287

(/home/akiss/.miktex/texmfs/install/tex/latex/hyperref/pd1enc.def
File: pd1enc.def 2020-05-15 v7.00e Hyperref: PDFDocEncoding definition (HO)
Now handling font encoding PD1 ...
... no UTF-8 mapping file for font encoding PD1
)
(/home/akiss/.miktex/texmfs/install/tex/generic/intcalc/intcalc.sty
Package: intcalc 2019/12/15 v1.3 Expandable calculations with integers (HO)
)
(/home/akiss/.miktex/texmfs/install/tex/generic/etexcmds/etexcmds.sty
Package: etexcmds 2019/12/15 v1.7 Avoid name clashes with e-TeX commands (HO)
)
\Hy@SavedSpaceFactor=\count288
Package hyperref Info: Option `unicode' set `true' on input line 4338.

(/home/akiss/.miktex/texmfs/install/tex/latex/hyperref/puenc.def
File: puenc.def 2020-05-15 v7.00e Hyperref: PDF Unicode definition (HO)
Now handling font encoding PU ...
... no UTF-8 mapping file for font encoding PU
)
Package hyperref Info: Option `colorlinks' set `true' on input line 4338.
Package hyperref Info: Option `breaklinks' set `true' on input line 4338.
Package hyperref Info: Hyper figures OFF on input line 4464.
Package hyperref Info: Link nesting OFF on input line 4469.
Package hyperref Info: Hyper index ON on input line 4472.
Package hyperref Info: Plain pages OFF on input line 4479.
Package hyperref Info: Backreferencing OFF on input line 4484.
Package hyperref Info: Implicit mode ON; LaTeX internals redefined.
Package hyperref Info: Bookmarks ON on input line 4717.
\c@Hy@tempcnt=\count289

(/home/akiss/.miktex/texmfs/install/tex/latex/url/url.sty
\Urlmuskip=\muskip17
Package: url 2013/09/16  ver 3.4  Verb mode for urls, etc.
)
LaTeX Info: Redefining \url on input line 5076.
\XeTeXLinkMargin=\dimen194

(/home/akiss/.miktex/texmfs/install/tex/generic/bitset/bitset.sty
Package: bitset 2019/12/09 v1.3 Handle bit-vector datatype (HO)

(/home/akiss/.miktex/texmfs/install/tex/generic/bigintcalc/bigintcalc.sty
Package: bigintcalc 2019/12/15 v1.5 Expandable calculations on big integers (HO
)
))
\Fld@menulength=\count290
\Field@Width=\dimen195
\Fld@charsize=\dimen196
Package hyperref Info: Hyper figures OFF on input line 6347.
Package hyperref Info: Link nesting OFF on input line 6352.
Package hyperref Info: Hyper index ON on input line 6355.
Package hyperref Info: backreferencing OFF on input line 6362.
Package hyperref Info: Link coloring ON on input line 6365.
Package hyperref Info: Link coloring with OCG OFF on input line 6372.
Package hyperref Info: PDF/A mode OFF on input line 6377.
LaTeX Info: Redefining \ref on input line 6417.
LaTeX Info: Redefining \pageref on input line 6421.

(/home/akiss/.miktex/texmfs/install/tex/generic/atbegshi/atbegshi.sty
Package: atbegshi 2019/12/05 v1.19 At begin shipout hook (HO)
)
\Hy@abspage=\count291
\c@Item=\count292
\c@Hfootnote=\count293
)
Package hyperref Info: Driver (autodetected): hpdftex.

(/home/akiss/.miktex/texmfs/install/tex/latex/hyperref/hpdftex.def
File: hpdftex.def 2020-05-15 v7.00e Hyperref driver for pdfTeX

(/home/akiss/.miktex/texmfs/install/tex/latex/atveryend/atveryend.sty
Package: atveryend 2019-12-11 v1.11 Hooks at the very end of document (HO)
Package atveryend Info: \enddocument detected (standard20110627).
)
\Fld@listcount=\count294
\c@bookmark@seq@number=\count295

(/home/akiss/.miktex/texmfs/install/tex/latex/rerunfilecheck/rerunfilecheck.sty
Package: rerunfilecheck 2019/12/05 v1.9 Rerun checks for auxiliary files (HO)

(/home/akiss/.miktex/texmfs/install/tex/generic/uniquecounter/uniquecounter.sty
Package: uniquecounter 2019/12/15 v1.4 Provide unlimited unique counter (HO)
)
Package uniquecounter Info: New unique counter `rerunfilecheck' on input line 2
86.
)
\Hy@SectionHShift=\skip82
) (/home/akiss/.miktex/texmfs/install/tex/latex/oberdiek/hypcap.sty
Package: hypcap 2016/05/16 v1.12 Adjusting the anchors of captions (HO)
)
(sphinxmessages.sty
Package: sphinxmessages 2019/01/04 v2.0 Localized LaTeX macros (Sphinx team)
)
\@indexfile=\write4
\openout4 = `NSLS-IISRX.idx'.


Writing index file NSLS-IISRX.idx
(/home/akiss/.miktex/texmfs/install/tex/latex/l3backend/l3backend-pdftex.def
File: l3backend-pdftex.def 2020-09-01 L3 backend support: PDF output (pdfTeX)
\l__kernel_color_stack_int=\count296
\l__pdf_internal_box=\box112
)
(NSLS-IISRX.aux)
\openout1 = `NSLS-IISRX.aux'.

LaTeX Font Info:    Checking defaults for OML/cmm/m/it on input line 70.
LaTeX Font Info:    ... okay on input line 70.
LaTeX Font Info:    Checking defaults for OMS/cmsy/m/n on input line 70.
LaTeX Font Info:    ... okay on input line 70.
LaTeX Font Info:    Checking defaults for OT1/cmr/m/n on input line 70.
LaTeX Font Info:    ... okay on input line 70.
LaTeX Font Info:    Checking defaults for T1/cmr/m/n on input line 70.
LaTeX Font Info:    ... okay on input line 70.
LaTeX Font Info:    Checking defaults for TS1/cmr/m/n on input line 70.
LaTeX Font Info:    ... okay on input line 70.
LaTeX Font Info:    Checking defaults for OMX/cmex/m/n on input line 70.
LaTeX Font Info:    ... okay on input line 70.
LaTeX Font Info:    Checking defaults for U/cmr/m/n on input line 70.
LaTeX Font Info:    ... okay on input line 70.
LaTeX Font Info:    Checking defaults for PD1/pdf/m/n on input line 70.
LaTeX Font Info:    ... okay on input line 70.
LaTeX Font Info:    Checking defaults for PU/pdf/m/n on input line 70.
LaTeX Font Info:    ... okay on input line 70.
LaTeX Font Info:    Trying to load font information for T1+qtm on input line 70
.

(/home/akiss/.miktex/texmfs/install/tex/latex/tex-gyre/t1qtm.fd
File: t1qtm.fd 2009/09/25 v1.2 font definition file for T1/qtm
)
(/home/akiss/.miktex/texmfs/install/tex/context/base/mkii/supp-pdf.mkii
[Loading MPS to PDF converter (version 2006.09.02).]
\scratchcounter=\count297
\scratchdimen=\dimen197
\scratchbox=\box113
\nofMPsegments=\count298
\nofMParguments=\count299
\everyMPshowfont=\toks31
\MPscratchCnt=\count300
\MPscratchDim=\dimen198
\MPnumerator=\count301
\makeMPintoPDFobject=\count302
\everyMPtoPDFconversion=\toks32
) (/home/akiss/.miktex/texmfs/install/tex/latex/epstopdf-pkg/epstopdf-base.sty
Package: epstopdf-base 2020-01-24 v2.11 Base part for package epstopdf
Package epstopdf-base Info: Redefining graphics rule for `.eps' on input line 4
85.
)
\c@literalblock=\count303
*geometry* driver: auto-detecting
*geometry* detected driver: pdftex
*geometry* verbose mode - [ preamble ] result:
* driver: pdftex
* paper: letterpaper
* layout: <same size as paper>
* layoutoffset:(h,v)=(0.0pt,0.0pt)
* modes: twoside 
* h-part:(L,W,R)=(72.26999pt, 469.75502pt, 72.26999pt)
* v-part:(T,H,B)=(72.26999pt, 650.43001pt, 72.26999pt)
* \paperwidth=614.295pt
* \paperheight=794.96999pt
* \textwidth=469.75502pt
* \textheight=650.43001pt
* \oddsidemargin=0.0pt
* \evensidemargin=0.0pt
* \topmargin=-37.0pt
* \headheight=12.0pt
* \headsep=25.0pt
* \topskip=10.0pt
* \footskip=30.0pt
* \marginparwidth=36.135pt
* \marginparsep=11.0pt
* \columnsep=10.0pt
* \skip\footins=9.0pt plus 4.0pt minus 2.0pt
* \hoffset=0.0pt
* \voffset=0.0pt
* \mag=1000
* \@twocolumnfalse
* \@twosidetrue
* \@mparswitchtrue
* \@reversemarginfalse
* (1in=72.27pt=25.4mm, 1cm=28.453pt)

\AtBeginShipoutBox=\box114
Package hyperref Info: Link coloring ON on input line 70.
(/home/akiss/.miktex/texmfs/install/tex/latex/hyperref/nameref.sty
Package: nameref 2019/09/16 v2.46 Cross-referencing by name of section

(/home/akiss/.miktex/texmfs/install/tex/latex/refcount/refcount.sty
Package: refcount 2019/12/15 v3.6 Data extraction from label references (HO)
)
(/home/akiss/.miktex/texmfs/install/tex/generic/gettitlestring/gettitlestring.s
ty
Package: gettitlestring 2019/12/15 v1.6 Cleanup title references (HO)
)
\c@section@level=\count304
)
LaTeX Info: Redefining \ref on input line 70.
LaTeX Info: Redefining \pageref on input line 70.
LaTeX Info: Redefining \nameref on input line 70.
 (NSLS-IISRX.out) (NSLS-IISRX.out)
\@outlinefile=\write5
\openout5 = `NSLS-IISRX.out'.

Package hyperref Info: Option `pageanchor' set `false' on input line 73.
LaTeX Font Info:    Trying to load font information for T1+qhv on input line 73
.

(/home/akiss/.miktex/texmfs/install/tex/latex/tex-gyre/t1qhv.fd
File: t1qhv.fd 2009/09/25 v1.2 font definition file for T1/qhv
)<<ot1.cmap>><<oml.cmap>><<oms.cmap>><<omx.cmap>>
LaTeX Font Info:    Trying to load font information for U+msa on input line 73.


(/home/akiss/.miktex/texmfs/install/tex/latex/amsfonts/umsa.fd
File: umsa.fd 2013/01/14 v3.01 AMS symbols A
)
LaTeX Font Info:    Trying to load font information for U+msb on input line 73.


(/home/akiss/.miktex/texmfs/install/tex/latex/amsfonts/umsb.fd
File: umsb.fd 2013/01/14 v3.01 AMS symbols B
) [1

{/home/akiss/.miktex/texmfs/data/pdftex/config/pdftex.map}] [2


] (NSLS-IISRX.toc)
\tf@toc=\write6
\openout6 = `NSLS-IISRX.toc'.

 [1

]
[2

]
Chapter 1.
<SRX_BeamlineSchematic_text_tab_web.png, id=127, 281.3712pt x 185.7339pt>
LaTeX Font Info:    Trying to load font information for T1+txtt on input line 2
.
(/home/akiss/.miktex/texmfs/install/tex/latex/txfonts/t1txtt.fd
File: t1txtt.fd 2000/12/15 v3.1
)
File: SRX_BeamlineSchematic_text_tab_web.png Graphic file (type png)
<use SRX_BeamlineSchematic_text_tab_web.png>
Package pdftex.def Info: SRX_BeamlineSchematic_text_tab_web.png  used on input 
line 2.
(pdftex.def)             Requested size: 469.75502pt x 310.11499pt.
 [1

 <./SRX_BeamlineSchematic_text_tab_web.png>] [2

]
Chapter 2.
LaTeX Font Info:    Font shape `T1/txtt/b/n' in size <10> not available
(Font)              Font shape `T1/txtt/bx/n' tried instead on input line 116.
LaTeX Font Info:    Trying to load font information for TS1+txtt on input line 
131.
(/home/akiss/.miktex/texmfs/install/tex/latex/txfonts/ts1txtt.fd
File: ts1txtt.fd 2000/12/15 v3.1
) [3]
LaTeX Font Info:    Font shape `T1/txtt/m/it' in size <10> not available
(Font)              Font shape `T1/txtt/m/sl' tried instead on input line 212.
 [4]
Chapter 3.
LaTeX Font Info:    Trying to load font information for TS1+qtm on input line 2
73.
(/home/akiss/.miktex/texmfs/install/tex/latex/tex-gyre/ts1qtm.fd
File: ts1qtm.fd 2009/09/25 v1.2 font definition file for TS1/qtm
) [5

]
Overfull \hbox (808.35484pt too wide) in paragraph at lines 386--386
[]
 []


Underfull \hbox (badness 10000) in paragraph at lines 386--386

 []


! Package inputenc Error: Unicode character μ (U+03BC)
(inputenc)                not set up for use with LaTeX.

See the inputenc package documentation for explanation.
Type  H <return>  for immediate help.
 ...                                              
                                                  
l.396 Open the gap of the undulator to 18 000 μ
                                                m. Insert the camera in the ...

? 
[6]
Overfull \hbox (238.18494pt too wide) in paragraph at lines 468--468
[]
 []


Underfull \hbox (badness 10000) in paragraph at lines 468--468

 []


! Package inputenc Error: Unicode character μ (U+03BC)
(inputenc)                not set up for use with LaTeX.

See the inputenc package documentation for explanation.
Type  H <return>  for immediate help.
 ...                                              
                                                  
l.494 ...r both K\sphinxhyphen{}B mirrors at 15 μ
                                                  m (the middle of their ran...

? 

! Package inputenc Error: Unicode character μ (U+03BC)
(inputenc)                not set up for use with LaTeX.

See the inputenc package documentation for explanation.
Type  H <return>  for immediate help.
 ...                                              
                                                  
l.522 ... marker patterns (Pt/Cr, 50 nm) with 5 μ
                                                  m wide horizontal and vert...

? 
[7]
Underfull \hbox (badness 10000) in paragraph at lines 531--533
[]\T1/qtm/m/n/10 Run a knife-edge scan across a line to get an initial beam siz
e.
 []


! Package inputenc Error: Unicode character μ (U+03BC)
(inputenc)                not set up for use with LaTeX.

See the inputenc package documentation for explanation.
Type  H <return>  for immediate help.
 ...                                              
                                                  
l.536 If the beam size is greater than 1 μ
                                           m, move the coarse Z by 500 μm a...

? 

! Package inputenc Error: Unicode character μ (U+03BC)
(inputenc)                not set up for use with LaTeX.

See the inputenc package documentation for explanation.
Type  H <return>  for immediate help.
 ...                                              
                                                  
l.536 ...r than 1 μm, move the coarse Z by 500 μ
                                                  m and look for a smaller b...

? 

! Package inputenc Error: Unicode character μ (U+03BC)
(inputenc)                not set up for use with LaTeX.

See the inputenc package documentation for explanation.
Type  H <return>  for immediate help.
 ...                                              
                                                  
l.540 ... until the beam size is smaller than 1 μ
                                                  m.
? 

! Package inputenc Error: Unicode character μ (U+03BC)
(inputenc)                not set up for use with LaTeX.

See the inputenc package documentation for explanation.
Type  H <return>  for immediate help.
 ...                                              
                                                  
l.544 ... the sample from \sphinxhyphen{}8 to 8 μ
                                                  m to move across the Pt li...

? 

Underfull \hbox (badness 10000) in paragraph at lines 547--549
[]\T1/qtm/m/n/10 Run the calculation for alignment. \T1/txtt/m/n/10 slit_nanofl
yscan(scan_id_list=np.
 []


Underfull \hbox (badness 10000) in paragraph at lines 547--549
\T1/txtt/m/n/10 linspace(startid, stopid, numscans), slit_range=np.
 []


Underfull \hbox (badness 10000) in paragraph at lines 547--549
\T1/txtt/m/n/10 linspace(jjslit_start, jjslit_stop, numscans), interp_range=[2,
 3, 4,
 []


! Package inputenc Error: Unicode character μ (U+03BC)
(inputenc)                not set up for use with LaTeX.

See the inputenc package documentation for explanation.
Type  H <return>  for immediate help.
 ...                                              
                                                  
l.560 ...focus amount is small (\textless{} 100 μ
                                                  m) and the curve is relati...

? 
[8]
Overfull \hbox (365.05493pt too wide) in paragraph at lines 625--625
[]
 []


Underfull \hbox (badness 10000) in paragraph at lines 625--625

 []

[9]
Overfull \hbox (173.75502pt too wide) in paragraph at lines 731--731
[]
 []


Underfull \hbox (badness 10000) in paragraph at lines 731--731

 []


Overfull \hbox (15.97499pt too wide) in paragraph at lines 765--765
[]
 []


Underfull \hbox (badness 10000) in paragraph at lines 765--765

 []

[10]
Overfull \hbox (163.20494pt too wide) in paragraph at lines 816--816
[]
 []


Underfull \hbox (badness 10000) in paragraph at lines 816--816

 []


Overfull \hbox (59.13493pt too wide) in paragraph at lines 851--851
[]
 []


Underfull \hbox (badness 10000) in paragraph at lines 851--851

 []

[11]
Underfull \hbox (badness 10000) in paragraph at lines 1344--1344
[]\T1/qhv/m/n/10 Bluesky
 []


Underfull \hbox (badness 10000) in paragraph at lines 1344--1344
[]\T1/qhv/m/n/10 Motor
 []


Underfull \hbox (badness 10000) in paragraph at lines 1344--1344
[]\T1/qtm/m/n/10 softioc-
 []


Underfull \hbox (badness 10000) in paragraph at lines 1344--1344
[]\T1/qtm/m/n/10 XF:05IDD-ES:1{nKB:vert-
 []


Underfull \hbox (badness 10000) in paragraph at lines 1344--1344
[]\T1/qtm/m/n/10 softioc-
 []


Underfull \hbox (badness 10000) in paragraph at lines 1344--1344
[]\T1/qtm/m/n/10 XF:05IDD-ES:1{nKB:horz-
 []


Underfull \hbox (badness 10000) in paragraph at lines 1344--1344
[]\T1/qtm/m/n/10 softioc-
 []


Underfull \hbox (badness 10000) in paragraph at lines 1344--1344
[]\T1/qtm/m/n/10 XF:05IDD-ES:1{FPS:1-
 []


Underfull \hbox (badness 10000) in paragraph at lines 1344--1344
[]\T1/qtm/m/n/10 softioc-
 []


Underfull \hbox (badness 10000) in paragraph at lines 1344--1344
[]\T1/qtm/m/n/10 XF:05IDD-ES:1{FPS:1-
 []


Underfull \hbox (badness 10000) in paragraph at lines 1344--1344
[]\T1/qtm/m/n/10 softioc-
 []


Underfull \hbox (badness 10000) in paragraph at lines 1344--1344
[]\T1/qtm/m/n/10 XF:05IDD-ES:1{FPS:1-
 []


Underfull \hbox (badness 10000) in paragraph at lines 1344--1344
[]\T1/qtm/m/n/10 XF:05IDD-ES:1{nKB:vert-
 []


Underfull \hbox (badness 10000) in paragraph at lines 1344--1344
[]\T1/qtm/m/n/10 XF:05IDD-ES:1{nKB:horz-
 []


Underfull \hbox (badness 10000) in paragraph at lines 1344--1344
[]\T1/qtm/m/n/10 nanoKBh Coarse
 []


Underfull \hbox (badness 10000) in paragraph at lines 1344--1344
[]\T1/qtm/m/n/10 XF:05IDD-ES:1{nKB:horz-
 []


Underfull \hbox (badness 10000) in paragraph at lines 1344--1344
[]\T1/qtm/m/n/10 nanoKBv Coarse
 []


Underfull \hbox (badness 10000) in paragraph at lines 1344--1344
[]\T1/qtm/m/n/10 XF:05IDD-ES:1{nKB:vert-
 []


Underfull \hbox (badness 10000) in paragraph at lines 1344--1344
[]\T1/qtm/m/n/10 XF:05IDD-ES:1{nKB:Smpl-
 []


Underfull \hbox (badness 10000) in paragraph at lines 1344--1344
[]\T1/qtm/m/n/10 XF:05IDD-ES:1{nKB:Smpl-
 []


Underfull \hbox (badness 10000) in paragraph at lines 1344--1344
[]\T1/qtm/m/n/10 XF:05IDD-ES:1{nKB:Smpl-
 []


Underfull \hbox (badness 10000) in paragraph at lines 1344--1344
[]\T1/qtm/m/n/10 XF:05IDD-ES:1{nKB:Smpl-
 []


Overfull \hbox (6.67503pt too wide) in paragraph at lines 1344--1344
[]\T1/qtm/m/n/10 nano_stage.topx| 
 []


Underfull \hbox (badness 10000) in paragraph at lines 1344--1344
[]\T1/qtm/m/n/10 XF:05IDD-ES:1{nKB:Smpl-
 []


Overfull \hbox (6.11504pt too wide) in paragraph at lines 1344--1344
[]\T1/qtm/m/n/10 nano_stage.topz| 
 []


Underfull \hbox (badness 10000) in paragraph at lines 1344--1344
[]\T1/qtm/m/n/10 XF:05IDD-ES:1{nKB:Smpl-
 []


Underfull \hbox (badness 10000) in paragraph at lines 1344--1344
[]\T1/qtm/m/n/10 XF:05IDD-ES:1{nKB:Smpl-
 []


Underfull \hbox (badness 10000) in paragraph at lines 1344--1344
[]\T1/qtm/m/n/10 XF:05IDD-ES:1{nKB:Smpl-
 []


Underfull \hbox (badness 10000) in paragraph at lines 1344--1344
[]\T1/qtm/m/n/10 XF:05IDD-ES:1{nKB:Smpl-
 []


Underfull \hbox (badness 10000) in paragraph at lines 1344--1344
[]\T1/qtm/m/n/10 softioc-
 []

[12] [13] [14]
Chapter 4.
(NSLS-IISRX.ind)
Package atveryend Info: Empty hook `BeforeClearDocument' on input line 1518.
 [15

]
Package atveryend Info: Empty hook `AfterLastShipout' on input line 1518.
 (NSLS-IISRX.aux)
Package atveryend Info: Executing hook `AtVeryEndDocument' on input line 1518.
Package atveryend Info: Executing hook `AtEndAfterFileList' on input line 1518.

Package rerunfilecheck Info: File `NSLS-IISRX.out' has not changed.
(rerunfilecheck)             Checksum: 209511C5140D4EDD07EB6FB35E5453F0;3522.
Package atveryend Info: Empty hook `AtVeryVeryEnd' on input line 1518.
 ) 
Here is how much of TeX's memory you used:
 14086 strings out of 483123
 203024 string characters out of 2956931
 512229 words of memory out of 3000000
 28976 multiletter control sequences out of 15000+200000
 595209 words of font info for 74 fonts, out of 3000000 for 9000
 1 hyphenation exception out of 8191
 44i,11n,51p,683b,634s stack positions out of 5000i,500n,10000p,200000b,50000s
{/home/akiss/.miktex/texmfs/install/fonts/enc/dvips/tex-gyre/q-ec.enc}{/home/
akiss/.miktex/texmfs/install/fonts/enc/dvips/tex-gyre/q-ts1.enc}</home/akiss/.m
iktex/texmfs/install/fonts/type1/public/amsfonts/cm/cmmi5.pfb></home/akiss/.mik
tex/texmfs/install/fonts/type1/public/amsfonts/cm/cmsy5.pfb></home/akiss/.mikte
x/texmfs/install/fonts/type1/public/tex-gyre/qhvb.pfb></home/akiss/.miktex/texm
fs/install/fonts/type1/public/tex-gyre/qhvr.pfb></home/akiss/.miktex/texmfs/ins
tall/fonts/type1/public/tex-gyre/qtmb.pfb></home/akiss/.miktex/texmfs/install/f
onts/type1/public/tex-gyre/qtmbi.pfb></home/akiss/.miktex/texmfs/install/fonts/
type1/public/tex-gyre/qtmr.pfb></home/akiss/.miktex/texmfs/install/fonts/type1/
public/tex-gyre/qtmri.pfb></home/akiss/.miktex/texmfs/install/fonts/type1/publi
c/txfonts/t1xbtt.pfb></home/akiss/.miktex/texmfs/install/fonts/type1/public/txf
onts/t1xtt.pfb></home/akiss/.miktex/texmfs/install/fonts/type1/public/txfonts/t
1xtt.pfb></home/akiss/.miktex/texmfs/install/fonts/type1/public/txfonts/tcxtt.p
fb>
Output written on NSLS-IISRX.pdf (19 pages, 699590 bytes).
PDF statistics:
 339 PDF objects out of 1000 (max. 8388607)
 101 named destinations out of 1000 (max. 500000)
 218 words of extra memory for PDF output out of 10000 (max. 10000000)

